<?xml version="1.0" encoding="utf-8"?><testsuites name="pytest tests"><testsuite name="pytest" errors="0" failures="0" skipped="0" tests="69" time="5.878" timestamp="2026-09-12T16:40:59.887789-06:00" hostname="DESKTOP-4CCH83H"><testcase classname="tests.backend.test_auth" name="test_health_includes_runtime_metadata" time="0.163" /><testcase classname="tests.backend.test_auth" name="test_ready_checks_database" time="0.011" /><testcase classname="tests.backend.test_auth" name="test_login_admin_creates_http_only_secure_cookie" time="0.071" /><testcase classname="tests.backend.test_auth" name="test_invalid_login_is_rejected_without_user_disclosure[admin@example.com-incorrect-password]" time="0.068" /><testcase classname="tests.backend.test_auth" name="test_invalid_login_is_rejected_without_user_disclosure[missing@example.com-Isolated-test-password-2026]" time="0.072" /><testcase classname="tests.backend.test_auth" name="test_invalid_login_is_rejected_without_user_disclosure[inactive@example.com-Isolated-test-password-2026]" time="0.069" /><testcase classname="tests.backend.test_auth" name="test_auth_me_returns_current_user" time="0.073" /><testcase classname="tests.backend.test_auth" name="test_logout_clears_cookie_and_session" time="0.071" /><testcase classname="tests.backend.test_auth" name="test_unauthenticated_get_is_rejected[/api/v1/auth/me]" time="0.011" /><testcase classname="tests.backend.test_auth" name="test_unauthenticated_get_is_rejected[/api/v1/classrooms]" time="0.030" /><testcase classname="tests.backend.test_auth" name="test_unauthenticated_get_is_rejected[/api/v1/classrooms/1]" time="0.018" /><testcase classname="tests.backend.test_auth" name="test_expired_token_is_rejected" time="0.014" /><testcase classname="tests.backend.test_auth" name="test_tampered_token_is_rejected" time="0.012" /><testcase classname="tests.backend.test_auth" name="test_deactivated_user_session_is_rejected" time="0.075" /><testcase classname="tests.backend.test_auth" name="test_role_changes_take_effect_without_new_token" time="0.077" /><testcase classname="tests.backend.test_auth" name="test_login_requires_csrf_protection[headers0]" time="0.010" /><testcase classname="tests.backend.test_auth" name="test_login_requires_csrf_protection[headers1]" time="0.011" /><testcase classname="tests.backend.test_auth" name="test_cors_does_not_allow_untrusted_origins" time="0.009" /><testcase classname="tests.backend.test_auth" name="test_readiness_failure_preserves_liveness" time="0.011" /><testcase classname="tests.backend.test_auth" name="test_database_errors_do_not_expose_secrets" time="0.015" /><testcase classname="tests.backend.test_auth" name="test_validation_errors_do_not_echo_secrets[password_too_long]" time="0.014" /><testcase classname="tests.backend.test_auth" name="test_validation_errors_do_not_echo_secrets[extra_token]" time="0.012" /><testcase classname="tests.backend.test_auth" name="test_validation_errors_do_not_echo_secrets[invalid_body]" time="0.012" /><testcase classname="tests.backend.test_classrooms" name="test_authenticated_list_is_paginated" time="0.087" /><testcase classname="tests.backend.test_classrooms" name="test_admin_creates_valid_classroom" time="0.081" /><testcase classname="tests.backend.test_classrooms" name="test_duplicate_normalized_key_is_conflict" time="0.078" /><testcase classname="tests.backend.test_classrooms" name="test_duplicate_after_precheck_is_still_conflict" time="0.084" /><testcase classname="tests.backend.test_classrooms" name="test_invalid_classroom_is_rejected[capacidad-0]" time="0.079" /><testcase classname="tests.backend.test_classrooms" name="test_invalid_classroom_is_rejected[capacidad--1]" time="0.080" /><testcase classname="tests.backend.test_classrooms" name="test_invalid_classroom_is_rejected[capacidad-2.5]" time="0.080" /><testcase classname="tests.backend.test_classrooms" name="test_invalid_classroom_is_rejected[capacidad-True]" time="0.083" /><testcase classname="tests.backend.test_classrooms" name="test_invalid_classroom_is_rejected[capacidad-2147483648]" time="0.110" /><testcase classname="tests.backend.test_classrooms" name="test_invalid_classroom_is_rejected[nombre-   ]" time="0.126" /><testcase classname="tests.backend.test_classrooms" name="test_invalid_classroom_is_rejected[clave-xxxxxxxxxxxxxxxxxxxxx]" time="0.080" /><testcase classname="tests.backend.test_classrooms" name="test_invalid_classroom_is_rejected[nombre-xxxxxxxxxxxxxxxxxxxxxxxxxxxxxxxxxxxxxxxxxxxxxxxxxxxxxxxxxxxxxxxxxxxxxxxxxxxxxxxxxxxxxxxxxxxxxxxxxxxxx]" time="0.081" /><testcase classname="tests.backend.test_classrooms" name="test_invalid_classroom_is_rejected[edificio-xxxxxxxxxxxxxxxxxxxxxxxxxxxxxxxxxxxxxxxxxxxxxxxxxxx]" time="0.084" /><testcase classname="tests.backend.test_classrooms" name="test_invalid_classroom_is_rejected[tipo-INVALIDA]" time="0.140" /><testcase classname="tests.backend.test_classrooms" name="test_invalid_classroom_is_rejected[estado-BORRADA]" time="0.170" /><testcase classname="tests.backend.test_classrooms" name="test_invalid_classroom_is_rejected[id-10]" time="0.159" /><testcase classname="tests.backend.test_classrooms" name="test_admin_updates_classroom" time="0.144" /><testcase classname="tests.backend.test_classrooms" name="test_admin_replaces_classroom" time="0.170" /><testcase classname="tests.backend.test_classrooms" name="test_patch_rejects_empty_null_and_unexpected_fields[payload0]" time="0.155" /><testcase classname="tests.backend.test_classrooms" name="test_patch_rejects_empty_null_and_unexpected_fields[payload1]" time="0.130" /><testcase classname="tests.backend.test_classrooms" name="test_patch_rejects_empty_null_and_unexpected_fields[payload2]" time="0.160" /><testcase classname="tests.backend.test_classrooms" name="test_patch_rejects_empty_null_and_unexpected_fields[payload3]" time="0.117" /><testcase classname="tests.backend.test_classrooms" name="test_soft_delete_preserves_row_and_hides_it" time="0.166" /><testcase classname="tests.backend.test_classrooms" name="test_deleted_key_cannot_be_reused" time="0.137" /><testcase classname="tests.backend.test_classrooms" name="test_viewer_can_list_and_read" time="0.135" /><testcase classname="tests.backend.test_classrooms" name="test_viewer_cannot_mutate[post]" time="0.159" /><testcase classname="tests.backend.test_classrooms" name="test_viewer_cannot_mutate[put]" time="0.131" /><testcase classname="tests.backend.test_classrooms" name="test_viewer_cannot_mutate[patch]" time="0.124" /><testcase classname="tests.backend.test_classrooms" name="test_viewer_cannot_mutate[delete]" time="0.151" /><testcase classname="tests.backend.test_classrooms" name="test_admin_mutation_requires_csrf_header" time="0.120" /><testcase classname="tests.backend.test_classrooms" name="test_missing_classroom_is_404" time="0.121" /><testcase classname="tests.backend.test_classrooms" name="test_search_filters_and_pagination" time="0.160" /><testcase classname="tests.backend.test_classrooms" name="test_invalid_list_parameters_are_rejected[page=0]" time="0.124" /><testcase classname="tests.backend.test_classrooms" name="test_invalid_list_parameters_are_rejected[page_size=101]" time="0.135" /><testcase classname="tests.backend.test_classrooms" name="test_invalid_list_parameters_are_rejected[estado=UNKNOWN]" time="0.136" /><testcase classname="tests.backend.test_classrooms" name="test_invalid_list_parameters_are_rejected[tipo=UNKNOWN]" time="0.118" /><testcase classname="tests.backend.test_configuration_seed" name="test_configuration_rejects_unsafe_defaults[overrides0]" time="0.005" /><testcase classname="tests.backend.test_configuration_seed" name="test_configuration_rejects_unsafe_defaults[overrides1]" time="0.002" /><testcase classname="tests.backend.test_configuration_seed" name="test_configuration_rejects_unsafe_defaults[overrides2]" time="0.003" /><testcase classname="tests.backend.test_configuration_seed" name="test_configuration_rejects_unsafe_defaults[overrides3]" time="0.002" /><testcase classname="tests.backend.test_configuration_seed" name="test_configuration_rejects_unsafe_defaults[overrides4]" time="0.002" /><testcase classname="tests.backend.test_configuration_seed" name="test_configuration_rejects_unsafe_defaults[overrides5]" time="0.003" /><testcase classname="tests.backend.test_configuration_seed" name="test_configuration_errors_hide_input_secrets" time="0.002" /><testcase classname="tests.backend.test_configuration_seed" name="test_seed_is_idempotent_and_passwords_are_hashed" time="0.288" /><testcase classname="tests.backend.test_configuration_seed" name="test_seed_failure_rolls_back_earlier_changes" time="0.100" /><testcase classname="tests.backend.test_configuration_seed" name="test_alembic_upgrade_and_development_downgrade" time="0.070" /></testsuite></testsuites>